financial	[N/N]	financial	0.01
to	[N/N]	to	0.01
data	[N/N]	data	0.01
data	[N]	data	0.01
audit_report	[N]	#x.audit_report(x)	0.01
audit_report	[N]	audit_report	0.01
Print	[N/N]	#x.print(x)	0.01
Transfer	[N/N]	#x.#y.transfer(x,y)	0.01
risk	[N]	risk	0.01
Rename	[N/N]	#x.rename(x)	0.01
new	[N/N]	new	0.01
listing	[(S\NP)/NP]	#x.list(x)	0.01
report	[N]	#x.report(x)	0.01
report	[N]	report	0.01
Generate	[N/N]	#x.generate(x)	0.01
storage	[N]	storage	0.01
preservation_attributes	[N]	preservation_attributes	0.01
ownership	[N]	ownership	0.01
rods	[N]	rods	0.01
rods	[N]	ownership	0.01
master_copy	[N]	master_copy	0.01
file	[N]	file	0.01
